c:\users\jagap\source\repos\instprovsamp\instprovsamp\x64\release\instprovsamp.pch
c:\users\jagap\source\repos\instprovsamp\instprovsamp\x64\release\vc142.pdb
c:\users\jagap\source\repos\instprovsamp\instprovsamp\x64\release\pch.obj
c:\users\jagap\source\repos\instprovsamp\instprovsamp\x64\release\utils.obj
c:\users\jagap\source\repos\instprovsamp\instprovsamp\x64\release\instprov.obj
c:\users\jagap\source\repos\instprovsamp\instprovsamp\x64\release\dllmain.obj
c:\users\jagap\source\repos\instprovsamp\instprovsamp\x64\release\classfac.obj
c:\users\jagap\source\repos\instprovsamp\x64\release\instprovsamp.lib
c:\users\jagap\source\repos\instprovsamp\x64\release\instprovsamp.exp
c:\users\jagap\source\repos\instprovsamp\x64\release\instprovsamp.ipdb
c:\users\jagap\source\repos\instprovsamp\x64\release\instprovsamp.iobj
c:\users\jagap\source\repos\instprovsamp\x64\release\instprovsamp.dll
c:\users\jagap\source\repos\instprovsamp\x64\release\instprovsamp.pdb
c:\users\jagap\source\repos\instprovsamp\instprovsamp\x64\release\instprovsamp.tlog\cl.command.1.tlog
c:\users\jagap\source\repos\instprovsamp\instprovsamp\x64\release\instprovsamp.tlog\cl.read.1.tlog
c:\users\jagap\source\repos\instprovsamp\instprovsamp\x64\release\instprovsamp.tlog\cl.write.1.tlog
c:\users\jagap\source\repos\instprovsamp\instprovsamp\x64\release\instprovsamp.tlog\instprovsamp.write.1u.tlog
c:\users\jagap\source\repos\instprovsamp\instprovsamp\x64\release\instprovsamp.tlog\link.command.1.tlog
c:\users\jagap\source\repos\instprovsamp\instprovsamp\x64\release\instprovsamp.tlog\link.read.1.tlog
c:\users\jagap\source\repos\instprovsamp\instprovsamp\x64\release\instprovsamp.tlog\link.write.1.tlog
